[2019-07-05 14:45:03] (ERROR @ /var/www/www-root/data/www/dev2.igornesov.ru/core/xpdo/om/xpdoobject.class.php : 811) modTemplateVarTemplate: Attempt to set NOT NULL field rank to NULL
[2019-07-05 14:45:03] (ERROR @ /var/www/www-root/data/www/dev2.igornesov.ru/core/xpdo/om/xpdoobject.class.php : 811) modTemplateVarTemplate: Attempt to set NOT NULL field rank to NULL
[2019-07-05 14:45:03] (ERROR @ /var/www/www-root/data/www/dev2.igornesov.ru/core/xpdo/om/xpdoobject.class.php : 811) modTemplateVarTemplate: Attempt to set NOT NULL field rank to NULL
[2019-07-05 17:23:07] (ERROR @ /var/www/www-root/data/www/dev2.igornesov.ru/core/xpdo/om/xpdoquery.class.php : 764) Encountered empty IN condition with key id
[2019-07-08 10:50:02] (ERROR @ /var/www/www-root/data/www/dev2.igornesov.ru/core/model/modx/modcachemanager.class.php : 322) Could not cache resource 1
[2019-07-08 10:50:02] (ERROR @ /var/www/www-root/data/www/dev2.igornesov.ru/core/model/modx/modcachemanager.class.php : 322) Could not cache resource 1
[2019-07-08 11:59:46] (ERROR @ /var/www/www-root/data/www/dev2.igornesov.ru/core/model/modx/modcachemanager.class.php : 349) Error caching lexicon topic lexicon/ru/core/resource
[2019-07-08 14:11:02] (ERROR @ /var/www/www-root/data/www/dev2.igornesov.ru/core/model/modx/modcachemanager.class.php : 322) Could not cache resource 1
[2019-07-09 09:15:15] (ERROR @ /var/www/www-root/data/www/dev2.igornesov.ru/core/model/modx/modcachemanager.class.php : 349) Error caching lexicon topic lexicon/en/core/default
[2019-07-10 11:55:26] (ERROR @ /var/www/www-root/data/www/dev2.igornesov.ru/core/model/modx/modcachemanager.class.php : 514) Error caching script elements/modplugin/3
[2019-07-11 10:51:01] (ERROR @ /var/www/www-root/data/www/dev2.igornesov.ru/core/model/modx/modcachemanager.class.php : 514) Error caching script elements/modplugin/3
[2019-07-11 11:58:38] (ERROR @ /var/www/www-root/data/www/dev2.igornesov.ru/core/model/modx/modcachemanager.class.php : 349) Error caching lexicon topic lexicon/ru/core/category
[2019-07-11 12:01:16] (ERROR @ /var/www/www-root/data/www/dev2.igornesov.ru/core/model/modx/modcachemanager.class.php : 349) Error caching lexicon topic lexicon/ru/core/element
[2019-07-11 12:05:24] (ERROR @ /var/www/www-root/data/www/dev2.igornesov.ru/core/model/modx/modcachemanager.class.php : 349) Error caching lexicon topic lexicon/en/core/default
[2019-07-11 13:03:56] (ERROR @ /var/www/www-root/data/www/dev2.igornesov.ru/core/model/modx/modcachemanager.class.php : 322) Could not cache resource 1
[2019-07-11 14:10:44] (ERROR @ /var/www/www-root/data/www/dev2.igornesov.ru/core/model/modx/modcachemanager.class.php : 322) Could not cache resource 1
[2019-07-11 14:10:44] (ERROR @ /var/www/www-root/data/www/dev2.igornesov.ru/core/model/modx/modcachemanager.class.php : 322) Could not cache resource 1
[2019-07-11 14:10:44] (ERROR @ /var/www/www-root/data/www/dev2.igornesov.ru/core/model/modx/modcachemanager.class.php : 322) Could not cache resource 1
[2019-07-11 14:10:44] (ERROR @ /var/www/www-root/data/www/dev2.igornesov.ru/core/model/modx/modcachemanager.class.php : 322) Could not cache resource 1
[2019-07-11 14:14:30] (ERROR @ /var/www/www-root/data/www/dev2.igornesov.ru/core/model/modx/modcachemanager.class.php : 322) Could not cache resource 1
[2019-07-11 14:20:24] (ERROR @ /var/www/www-root/data/www/dev2.igornesov.ru/core/model/modx/modcachemanager.class.php : 514) Error caching script elements/modplugin/3
[2019-07-11 14:20:28] (ERROR @ /var/www/www-root/data/www/dev2.igornesov.ru/core/model/modx/modcachemanager.class.php : 322) Could not cache resource 1
[2019-07-11 14:20:28] (ERROR @ /var/www/www-root/data/www/dev2.igornesov.ru/core/model/modx/modcachemanager.class.php : 322) Could not cache resource 1
[2019-07-11 14:28:20] (ERROR @ /var/www/www-root/data/www/dev2.igornesov.ru/core/model/modx/modcachemanager.class.php : 514) Error caching script elements/modplugin/3
[2019-07-11 18:06:00] (ERROR @ /var/www/www-root/data/www/dev2.igornesov.ru/core/model/modx/modchunk.class.php : 63) Произошла ошибка при сохранении чанка. Array
(
    [id] => 26
    [source] => 1
    [property_preprocess] => 
    [name] => RU-opportunities<
    [description] => 
    [editor_type] => 0
    [category] => 5
    [cache_type] => 0
    [snippet] => <div class="row row-white">
    <div class="container">
        <div class="col-xl-12 col-lg-12 col-md-12 col-sm-12 col-xs-12 section-opport">
            <h2 class="section-opport__title"></h2>
            <div class="section-opport__items">
                <div class="section-opport__buttons">
                    <div class="section-opport_buttons-item">
                        <a button-number="01" class="button-normal button-xl" href="#" rel="noopener">Возможность создавать группы</a>
                    </div>
                    <div class="section-opport_buttons-item">
                        <a button-number="03" class="button-normal button-xl" href="#" rel="noopener">Измерение расстояния</a>
                    </div>
                    <div class="section-opport_buttons-item">
                        <a button-number="05" class="button-normal button-xl" href="#" rel="noopener">Менять карты</a>
                    </div>
                    <div class="section-opport_buttons-item">
                        <a button-number="07" class="button-normal button-xl" href="#" rel="noopener">Видеть штрафы ГИБДД</a>
                    </div>
                    <div class="section-opport_buttons-item">
                        <a button-number="09" class="button-normal button-xl" href="#" rel="noopener">Построение маршрута</a>
                    </div>
                </div>
                <div class="section-opport__screen">
                    <div class="section-opport__screen-img"></div>
                </div>
                <div class="section-opport__buttons">
                    <div class="section-opport_buttons-item">
                        <a button-number="02" class="button-normal button-xl" href="#" rel="noopener">Выбор удобного часового пояса</a>
                    </div>
                    <div class="section-opport_buttons-item">
                        <a button-number="04" class="button-normal button-xl" href="#" rel="noopener">Поиск объектов на карте</a>
                    </div>
                    <div class="section-opport_buttons-item">
                        <a button-number="06" class="button-normal button-xl" href="#" rel="noopener">Определение координат</a>
                    </div>
                    <div class="section-opport_buttons-item">
                        <a button-number="08" class="button-normal button-xl" href="#" rel="noopener">Печать карты</a>
                    </div>
                    <div class="section-opport_buttons-item">
                        <a button-number="10" class="button-normal button-xl" href="#" rel="noopener">Уведомление о тех. осмотре</a>
                    </div>
                </div>
            </div>
        </div>
    </div>
</div>
    [locked] => 
    [properties] => Array
        (
        )

    [static] => 
    [static_file] => 
    [content] => <div class="row row-white">
    <div class="container">
        <div class="col-xl-12 col-lg-12 col-md-12 col-sm-12 col-xs-12 section-opport">
            <h2 class="section-opport__title"></h2>
            <div class="section-opport__items">
                <div class="section-opport__buttons">
                    <div class="section-opport_buttons-item">
                        <a button-number="01" class="button-normal button-xl" href="#" rel="noopener">Возможность создавать группы</a>
                    </div>
                    <div class="section-opport_buttons-item">
                        <a button-number="03" class="button-normal button-xl" href="#" rel="noopener">Измерение расстояния</a>
                    </div>
                    <div class="section-opport_buttons-item">
                        <a button-number="05" class="button-normal button-xl" href="#" rel="noopener">Менять карты</a>
                    </div>
                    <div class="section-opport_buttons-item">
                        <a button-number="07" class="button-normal button-xl" href="#" rel="noopener">Видеть штрафы ГИБДД</a>
                    </div>
                    <div class="section-opport_buttons-item">
                        <a button-number="09" class="button-normal button-xl" href="#" rel="noopener">Построение маршрута</a>
                    </div>
                </div>
                <div class="section-opport__screen">
                    <div class="section-opport__screen-img"></div>
                </div>
                <div class="section-opport__buttons">
                    <div class="section-opport_buttons-item">
                        <a button-number="02" class="button-normal button-xl" href="#" rel="noopener">Выбор удобного часового пояса</a>
                    </div>
                    <div class="section-opport_buttons-item">
                        <a button-number="04" class="button-normal button-xl" href="#" rel="noopener">Поиск объектов на карте</a>
                    </div>
                    <div class="section-opport_buttons-item">
                        <a button-number="06" class="button-normal button-xl" href="#" rel="noopener">Определение координат</a>
                    </div>
                    <div class="section-opport_buttons-item">
                        <a button-number="08" class="button-normal button-xl" href="#" rel="noopener">Печать карты</a>
                    </div>
                    <div class="section-opport_buttons-item">
                        <a button-number="10" class="button-normal button-xl" href="#" rel="noopener">Уведомление о тех. осмотре</a>
                    </div>
                </div>
            </div>
        </div>
    </div>
</div>
    [action] => element/chunk/update
    [propdata] => []
    [props] => 
    [clearCache] => 1
)

[2019-07-12 09:49:24] (ERROR @ /var/www/www-root/data/www/dev2.igornesov.ru/core/model/modx/modcachemanager.class.php : 322) Could not cache resource 1
[2019-07-12 11:53:06] (ERROR in xPDO::getService @ /var/www/www-root/data/www/dev2.igornesov.ru/core/xpdo/xpdo.class.php : 1234) modRestClient::__construct is deprecated since version 2.3.0. Use the modRest classes instead.
[2019-07-12 11:53:06] (ERROR in xPDO::getService @ /var/www/www-root/data/www/dev2.igornesov.ru/core/xpdo/xpdo.class.php : 1234) modRestClient::__construct is deprecated since version 2.3.0. Use the modRest classes instead.
[2019-07-12 11:53:06] (ERROR in xPDO::getService @ /var/www/www-root/data/www/dev2.igornesov.ru/core/xpdo/xpdo.class.php : 1234) modRestClient::__construct is deprecated since version 2.3.0. Use the modRest classes instead.
[2019-07-12 11:53:06] (ERROR in modRestCurlClient::__construct @ /var/www/www-root/data/www/dev2.igornesov.ru/core/model/modx/rest/modrestcurlclient.class.php : 26) modRestClient::__construct is deprecated since version 2.3.0. Use the modRest classes instead.
[2019-07-12 11:53:06] (ERROR in modRestCurlClient::__construct @ /var/www/www-root/data/www/dev2.igornesov.ru/core/model/modx/rest/modrestcurlclient.class.php : 26) modRestClient::__construct is deprecated since version 2.3.0. Use the modRest classes instead.
[2019-07-12 11:53:06] (ERROR in modRestCurlClient::__construct @ /var/www/www-root/data/www/dev2.igornesov.ru/core/model/modx/rest/modrestcurlclient.class.php : 26) modRestClient::__construct is deprecated since version 2.3.0. Use the modRest classes instead.
[2019-07-12 11:53:21] (ERROR in xPDO::getService @ /var/www/www-root/data/www/dev2.igornesov.ru/core/xpdo/xpdo.class.php : 1234) modRestClient::__construct is deprecated since version 2.3.0. Use the modRest classes instead.
[2019-07-12 11:53:21] (ERROR in modRestCurlClient::__construct @ /var/www/www-root/data/www/dev2.igornesov.ru/core/model/modx/rest/modrestcurlclient.class.php : 26) modRestClient::__construct is deprecated since version 2.3.0. Use the modRest classes instead.
[2019-07-12 11:53:21] (ERROR in xPDO::getService @ /var/www/www-root/data/www/dev2.igornesov.ru/core/xpdo/xpdo.class.php : 1234) modRestClient::__construct is deprecated since version 2.3.0. Use the modRest classes instead.
[2019-07-12 11:53:21] (ERROR in modRestCurlClient::__construct @ /var/www/www-root/data/www/dev2.igornesov.ru/core/model/modx/rest/modrestcurlclient.class.php : 26) modRestClient::__construct is deprecated since version 2.3.0. Use the modRest classes instead.
[2019-07-12 11:53:29] (ERROR in xPDO::getService @ /var/www/www-root/data/www/dev2.igornesov.ru/core/xpdo/xpdo.class.php : 1234) modRestClient::__construct is deprecated since version 2.3.0. Use the modRest classes instead.
[2019-07-12 11:53:29] (ERROR in modRestCurlClient::__construct @ /var/www/www-root/data/www/dev2.igornesov.ru/core/model/modx/rest/modrestcurlclient.class.php : 26) modRestClient::__construct is deprecated since version 2.3.0. Use the modRest classes instead.
[2019-07-12 11:55:00] (ERROR in xPDO::getService @ /var/www/www-root/data/www/dev2.igornesov.ru/core/xpdo/xpdo.class.php : 1234) modRestClient::__construct is deprecated since version 2.3.0. Use the modRest classes instead.
[2019-07-12 11:55:00] (ERROR in modRestCurlClient::__construct @ /var/www/www-root/data/www/dev2.igornesov.ru/core/model/modx/rest/modrestcurlclient.class.php : 26) modRestClient::__construct is deprecated since version 2.3.0. Use the modRest classes instead.
[2019-07-12 11:55:02] (ERROR @ /var/www/www-root/data/www/dev2.igornesov.ru/core/model/modx/transport/modtransportpackage.class.php : 444) Целевой каталог либо не является каталогом, либо нет прав на запись в этот каталог: /var/www/www-root/data/www/dev2.igornesov.ru/core/packages/
[2019-07-12 11:56:04] (ERROR in xPDO::getService @ /var/www/www-root/data/www/dev2.igornesov.ru/core/xpdo/xpdo.class.php : 1234) modRestClient::__construct is deprecated since version 2.3.0. Use the modRest classes instead.
[2019-07-12 11:56:04] (ERROR in modRestCurlClient::__construct @ /var/www/www-root/data/www/dev2.igornesov.ru/core/model/modx/rest/modrestcurlclient.class.php : 26) modRestClient::__construct is deprecated since version 2.3.0. Use the modRest classes instead.
[2019-07-12 11:56:04] (ERROR in xPDO::getService @ /var/www/www-root/data/www/dev2.igornesov.ru/core/xpdo/xpdo.class.php : 1234) modRestClient::__construct is deprecated since version 2.3.0. Use the modRest classes instead.
[2019-07-12 11:56:04] (ERROR in modRestCurlClient::__construct @ /var/www/www-root/data/www/dev2.igornesov.ru/core/model/modx/rest/modrestcurlclient.class.php : 26) modRestClient::__construct is deprecated since version 2.3.0. Use the modRest classes instead.
[2019-07-12 11:56:15] (ERROR in xPDO::getService @ /var/www/www-root/data/www/dev2.igornesov.ru/core/xpdo/xpdo.class.php : 1234) modRestClient::__construct is deprecated since version 2.3.0. Use the modRest classes instead.
[2019-07-12 11:56:15] (ERROR in modRestCurlClient::__construct @ /var/www/www-root/data/www/dev2.igornesov.ru/core/model/modx/rest/modrestcurlclient.class.php : 26) modRestClient::__construct is deprecated since version 2.3.0. Use the modRest classes instead.
[2019-07-12 11:56:15] (ERROR in xPDO::getService @ /var/www/www-root/data/www/dev2.igornesov.ru/core/xpdo/xpdo.class.php : 1234) modRestClient::__construct is deprecated since version 2.3.0. Use the modRest classes instead.
[2019-07-12 11:56:15] (ERROR in modRestCurlClient::__construct @ /var/www/www-root/data/www/dev2.igornesov.ru/core/model/modx/rest/modrestcurlclient.class.php : 26) modRestClient::__construct is deprecated since version 2.3.0. Use the modRest classes instead.
[2019-07-12 11:56:17] (ERROR in xPDO::getService @ /var/www/www-root/data/www/dev2.igornesov.ru/core/xpdo/xpdo.class.php : 1234) modRestClient::__construct is deprecated since version 2.3.0. Use the modRest classes instead.
[2019-07-12 11:56:17] (ERROR in modRestCurlClient::__construct @ /var/www/www-root/data/www/dev2.igornesov.ru/core/model/modx/rest/modrestcurlclient.class.php : 26) modRestClient::__construct is deprecated since version 2.3.0. Use the modRest classes instead.
[2019-07-12 11:56:22] (ERROR in xPDO::getService @ /var/www/www-root/data/www/dev2.igornesov.ru/core/xpdo/xpdo.class.php : 1234) modRestClient::__construct is deprecated since version 2.3.0. Use the modRest classes instead.
[2019-07-12 11:56:22] (ERROR in modRestCurlClient::__construct @ /var/www/www-root/data/www/dev2.igornesov.ru/core/model/modx/rest/modrestcurlclient.class.php : 26) modRestClient::__construct is deprecated since version 2.3.0. Use the modRest classes instead.
[2019-07-12 11:56:24] (ERROR @ /var/www/www-root/data/www/dev2.igornesov.ru/core/model/modx/transport/modtransportpackage.class.php : 444) Целевой каталог либо не является каталогом, либо нет прав на запись в этот каталог: /var/www/www-root/data/www/dev2.igornesov.ru/core/packages/
[2019-07-12 11:57:04] (ERROR in xPDO::getService @ /var/www/www-root/data/www/dev2.igornesov.ru/core/xpdo/xpdo.class.php : 1234) modRestClient::__construct is deprecated since version 2.3.0. Use the modRest classes instead.
[2019-07-12 11:57:04] (ERROR in modRestCurlClient::__construct @ /var/www/www-root/data/www/dev2.igornesov.ru/core/model/modx/rest/modrestcurlclient.class.php : 26) modRestClient::__construct is deprecated since version 2.3.0. Use the modRest classes instead.
[2019-07-12 11:57:14] (ERROR in xPDO::getService @ /var/www/www-root/data/www/dev2.igornesov.ru/core/xpdo/xpdo.class.php : 1234) modRestClient::__construct is deprecated since version 2.3.0. Use the modRest classes instead.
[2019-07-12 11:57:14] (ERROR in modRestCurlClient::__construct @ /var/www/www-root/data/www/dev2.igornesov.ru/core/model/modx/rest/modrestcurlclient.class.php : 26) modRestClient::__construct is deprecated since version 2.3.0. Use the modRest classes instead.
[2019-07-12 11:57:14] (ERROR in xPDO::getService @ /var/www/www-root/data/www/dev2.igornesov.ru/core/xpdo/xpdo.class.php : 1234) modRestClient::__construct is deprecated since version 2.3.0. Use the modRest classes instead.
[2019-07-12 11:57:14] (ERROR in modRestCurlClient::__construct @ /var/www/www-root/data/www/dev2.igornesov.ru/core/model/modx/rest/modrestcurlclient.class.php : 26) modRestClient::__construct is deprecated since version 2.3.0. Use the modRest classes instead.
[2019-07-12 11:57:27] (ERROR in xPDO::getService @ /var/www/www-root/data/www/dev2.igornesov.ru/core/xpdo/xpdo.class.php : 1234) modRestClient::__construct is deprecated since version 2.3.0. Use the modRest classes instead.
[2019-07-12 11:57:27] (ERROR in modRestCurlClient::__construct @ /var/www/www-root/data/www/dev2.igornesov.ru/core/model/modx/rest/modrestcurlclient.class.php : 26) modRestClient::__construct is deprecated since version 2.3.0. Use the modRest classes instead.
[2019-07-12 12:00:18] (ERROR in xPDO::getService @ /var/www/www-root/data/www/dev2.igornesov.ru/core/xpdo/xpdo.class.php : 1234) modRestClient::__construct is deprecated since version 2.3.0. Use the modRest classes instead.
[2019-07-12 12:00:18] (ERROR in modRestCurlClient::__construct @ /var/www/www-root/data/www/dev2.igornesov.ru/core/model/modx/rest/modrestcurlclient.class.php : 26) modRestClient::__construct is deprecated since version 2.3.0. Use the modRest classes instead.
[2019-07-12 12:00:18] (ERROR in xPDO::getService @ /var/www/www-root/data/www/dev2.igornesov.ru/core/xpdo/xpdo.class.php : 1234) modRestClient::__construct is deprecated since version 2.3.0. Use the modRest classes instead.
[2019-07-12 12:00:18] (ERROR in modRestCurlClient::__construct @ /var/www/www-root/data/www/dev2.igornesov.ru/core/model/modx/rest/modrestcurlclient.class.php : 26) modRestClient::__construct is deprecated since version 2.3.0. Use the modRest classes instead.
[2019-07-12 12:00:46] (ERROR @ /var/www/www-root/data/www/dev2.igornesov.ru/core/xpdo/transport/xpdotransport.class.php : 685) Could not unpack package: /var/www/www-root/data/www/dev2.igornesov.ru/core/packages/ is not writable. SIG: formit-4.2.3-pl
[2019-07-12 12:01:20] (ERROR @ /var/www/www-root/data/www/dev2.igornesov.ru/core/xpdo/transport/xpdotransport.class.php : 685) Could not unpack package: /var/www/www-root/data/www/dev2.igornesov.ru/core/packages/ is not writable. SIG: formit-4.2.3-pl
[2019-07-12 12:02:22] (ERROR in xPDO::getService @ /var/www/www-root/data/www/dev2.igornesov.ru/core/xpdo/xpdo.class.php : 1234) modRestClient::__construct is deprecated since version 2.3.0. Use the modRest classes instead.
[2019-07-12 12:02:22] (ERROR in modRestCurlClient::__construct @ /var/www/www-root/data/www/dev2.igornesov.ru/core/model/modx/rest/modrestcurlclient.class.php : 26) modRestClient::__construct is deprecated since version 2.3.0. Use the modRest classes instead.
[2019-07-12 12:04:05] (ERROR in xPDO::getService @ /var/www/www-root/data/www/dev2.igornesov.ru/core/xpdo/xpdo.class.php : 1234) modRestClient::__construct is deprecated since version 2.3.0. Use the modRest classes instead.
[2019-07-12 12:04:05] (ERROR in modRestCurlClient::__construct @ /var/www/www-root/data/www/dev2.igornesov.ru/core/model/modx/rest/modrestcurlclient.class.php : 26) modRestClient::__construct is deprecated since version 2.3.0. Use the modRest classes instead.
[2019-07-12 12:05:20] (ERROR in xPDO::getService @ /var/www/www-root/data/www/dev2.igornesov.ru/core/xpdo/xpdo.class.php : 1234) modRestClient::__construct is deprecated since version 2.3.0. Use the modRest classes instead.
[2019-07-12 12:05:20] (ERROR in modRestCurlClient::__construct @ /var/www/www-root/data/www/dev2.igornesov.ru/core/model/modx/rest/modrestcurlclient.class.php : 26) modRestClient::__construct is deprecated since version 2.3.0. Use the modRest classes instead.
[2019-07-12 12:05:20] (ERROR in xPDO::getService @ /var/www/www-root/data/www/dev2.igornesov.ru/core/xpdo/xpdo.class.php : 1234) modRestClient::__construct is deprecated since version 2.3.0. Use the modRest classes instead.
[2019-07-12 12:05:20] (ERROR in modRestCurlClient::__construct @ /var/www/www-root/data/www/dev2.igornesov.ru/core/model/modx/rest/modrestcurlclient.class.php : 26) modRestClient::__construct is deprecated since version 2.3.0. Use the modRest classes instead.
[2019-07-12 12:44:36] (ERROR @ /var/www/www-root/data/www/dev2.igornesov.ru/core/model/modx/modcachemanager.class.php : 349) Error caching lexicon topic lexicon/en/core/default
[2019-07-12 15:10:46] (ERROR @ /var/www/www-root/data/www/dev2.igornesov.ru/core/model/modx/modcachemanager.class.php : 514) Error caching script elements/modplugin/3
[2019-07-12 16:15:29] (ERROR @ /var/www/www-root/data/www/dev2.igornesov.ru/core/model/modx/modcachemanager.class.php : 322) Could not cache resource 1
[2019-07-12 16:15:29] (ERROR @ /var/www/www-root/data/www/dev2.igornesov.ru/core/model/modx/modcachemanager.class.php : 322) Could not cache resource 1
[2019-07-13 18:12:42] (ERROR @ /var/www/www-root/data/www/dev2.igornesov.ru/core/model/modx/modcachemanager.class.php : 322) Could not cache resource 1
[2019-07-13 18:12:42] (ERROR @ /var/www/www-root/data/www/dev2.igornesov.ru/core/model/modx/modcachemanager.class.php : 322) Could not cache resource 1
[2019-07-13 18:12:42] (ERROR @ /var/www/www-root/data/www/dev2.igornesov.ru/core/model/modx/modcachemanager.class.php : 322) Could not cache resource 1
[2019-07-15 00:39:57] (ERROR @ /var/www/www-root/data/www/dev2.igornesov.ru/core/xpdo/om/xpdoobject.class.php : 240) Error 42000 executing statement: 
Array
(
    [0] => 42000
    [1] => 1055
    [2] => Expression #1 of SELECT list is not in GROUP BY clause and contains nonaggregated column 'kgk-global.FormItForm.id' which is not functionally dependent on columns in GROUP BY clause; this is incompatible with sql_mode=only_full_group_by
)

[2019-07-15 10:42:56] (ERROR @ /var/www/www-root/data/www/dev2.igornesov.ru/core/model/modx/modcachemanager.class.php : 349) Error caching lexicon topic lexicon/en/core/default
[2019-07-15 10:50:30] (ERROR @ /var/www/www-root/data/www/dev2.igornesov.ru/core/model/modx/modcachemanager.class.php : 322) Could not cache resource 1
[2019-07-15 11:00:53] (ERROR @ /var/www/www-root/data/www/dev2.igornesov.ru/core/model/modx/modcachemanager.class.php : 322) Could not cache resource 1
[2019-07-15 11:00:53] (ERROR @ /var/www/www-root/data/www/dev2.igornesov.ru/core/model/modx/modcachemanager.class.php : 322) Could not cache resource 1
[2019-07-15 14:18:26] (ERROR @ /var/www/www-root/data/www/dev2.igornesov.ru/core/model/modx/modcachemanager.class.php : 322) Could not cache resource 1
[2019-07-15 17:59:44] (ERROR @ /var/www/www-root/data/www/dev2.igornesov.ru/core/model/modx/modcachemanager.class.php : 322) Could not cache resource 1
[2019-07-16 12:27:59] (ERROR @ /var/www/www-root/data/www/dev2.igornesov.ru/core/model/modx/modcachemanager.class.php : 322) Could not cache resource 1
[2019-07-16 12:27:59] (ERROR @ /var/www/www-root/data/www/dev2.igornesov.ru/core/model/modx/modcachemanager.class.php : 322) Could not cache resource 1
[2019-07-16 12:27:59] (ERROR @ /var/www/www-root/data/www/dev2.igornesov.ru/core/model/modx/modcachemanager.class.php : 322) Could not cache resource 1
[2019-07-17 09:26:25] (ERROR @ /var/www/www-root/data/www/dev2.igornesov.ru/core/model/modx/modcachemanager.class.php : 322) Could not cache resource 1
[2019-07-17 09:26:25] (ERROR @ /var/www/www-root/data/www/dev2.igornesov.ru/core/model/modx/modcachemanager.class.php : 322) Could not cache resource 1
[2019-07-17 11:20:13] (ERROR @ /var/www/www-root/data/www/dev2.igornesov.ru/core/model/modx/modcachemanager.class.php : 322) Could not cache resource 1
[2019-07-17 11:20:13] (ERROR @ /var/www/www-root/data/www/dev2.igornesov.ru/core/model/modx/modcachemanager.class.php : 322) Could not cache resource 1
[2019-07-17 11:27:43] (ERROR @ /var/www/www-root/data/www/dev2.igornesov.ru/core/model/modx/modcachemanager.class.php : 322) Could not cache resource 1
[2019-07-17 13:55:27] (ERROR @ /var/www/www-root/data/www/dev2.igornesov.ru/core/model/modx/modcachemanager.class.php : 322) Could not cache resource 1
[2019-07-17 14:02:44] (ERROR @ /var/www/www-root/data/www/dev2.igornesov.ru/core/model/modx/modcachemanager.class.php : 322) Could not cache resource 1
[2019-07-17 14:02:44] (ERROR @ /var/www/www-root/data/www/dev2.igornesov.ru/core/model/modx/modcachemanager.class.php : 322) Could not cache resource 1
[2019-07-17 14:02:44] (ERROR @ /var/www/www-root/data/www/dev2.igornesov.ru/core/model/modx/modcachemanager.class.php : 322) Could not cache resource 1
[2019-07-17 14:25:30] (ERROR @ /var/www/www-root/data/www/dev2.igornesov.ru/core/model/modx/modcachemanager.class.php : 514) Error caching script elements/modplugin/3
[2019-07-17 15:53:31] (ERROR @ /var/www/www-root/data/www/dev2.igornesov.ru/core/model/modx/modcachemanager.class.php : 322) Could not cache resource 1
[2019-07-17 15:53:31] (ERROR @ /var/www/www-root/data/www/dev2.igornesov.ru/core/model/modx/modcachemanager.class.php : 322) Could not cache resource 1
[2019-07-17 15:53:31] (ERROR @ /var/www/www-root/data/www/dev2.igornesov.ru/core/model/modx/modcachemanager.class.php : 322) Could not cache resource 1
[2019-07-17 15:53:31] (ERROR @ /var/www/www-root/data/www/dev2.igornesov.ru/core/model/modx/modcachemanager.class.php : 322) Could not cache resource 1
[2019-07-18 10:56:11] (ERROR @ /var/www/www-root/data/www/dev2.igornesov.ru/core/model/modx/modcachemanager.class.php : 322) Could not cache resource 1
[2019-07-18 10:59:02] (ERROR @ /var/www/www-root/data/www/dev2.igornesov.ru/core/model/modx/modcachemanager.class.php : 322) Could not cache resource 1
[2019-07-18 12:45:08] (ERROR @ /var/www/www-root/data/www/dev2.igornesov.ru/core/model/modx/modcachemanager.class.php : 322) Could not cache resource 1
[2019-07-18 14:42:09] (ERROR @ /var/www/www-root/data/www/dev2.igornesov.ru/core/model/modx/modcachemanager.class.php : 322) Could not cache resource 1
[2019-07-18 15:34:56] (ERROR @ /var/www/www-root/data/www/dev2.igornesov.ru/core/model/modx/modcachemanager.class.php : 322) Could not cache resource 1
[2019-07-18 15:34:56] (ERROR @ /var/www/www-root/data/www/dev2.igornesov.ru/core/model/modx/modcachemanager.class.php : 322) Could not cache resource 1
[2019-07-18 16:00:37] (ERROR in xPDO::getService @ /var/www/www-root/data/www/dev2.igornesov.ru/core/xpdo/xpdo.class.php : 1234) modRestClient::__construct is deprecated since version 2.3.0. Use the modRest classes instead.
[2019-07-18 16:00:37] (ERROR in xPDO::getService @ /var/www/www-root/data/www/dev2.igornesov.ru/core/xpdo/xpdo.class.php : 1234) modRestClient::__construct is deprecated since version 2.3.0. Use the modRest classes instead.
[2019-07-18 16:00:37] (ERROR in modRestCurlClient::__construct @ /var/www/www-root/data/www/dev2.igornesov.ru/core/model/modx/rest/modrestcurlclient.class.php : 26) modRestClient::__construct is deprecated since version 2.3.0. Use the modRest classes instead.
[2019-07-18 16:00:37] (ERROR in modRestCurlClient::__construct @ /var/www/www-root/data/www/dev2.igornesov.ru/core/model/modx/rest/modrestcurlclient.class.php : 26) modRestClient::__construct is deprecated since version 2.3.0. Use the modRest classes instead.
[2019-07-18 16:00:37] (ERROR in xPDO::getService @ /var/www/www-root/data/www/dev2.igornesov.ru/core/xpdo/xpdo.class.php : 1234) modRestClient::__construct is deprecated since version 2.3.0. Use the modRest classes instead.
[2019-07-18 16:00:37] (ERROR in modRestCurlClient::__construct @ /var/www/www-root/data/www/dev2.igornesov.ru/core/model/modx/rest/modrestcurlclient.class.php : 26) modRestClient::__construct is deprecated since version 2.3.0. Use the modRest classes instead.
[2019-07-18 16:00:52] (ERROR @ /var/www/www-root/data/www/dev2.igornesov.ru/core/model/modx/transport/modtransportpackage.class.php : 389) Невозможно открыть файл для чтения: breadcrumbs-1.1.0-pl.transport.zip?revolution_version=Revolution-2.7.1-pl
[2019-07-18 16:00:52] (ERROR @ /var/www/www-root/data/www/dev2.igornesov.ru/core/model/modx/transport/modtransportpackage.class.php : 678) Could not retrieve from breadcrumbs-1.1.0-pl.transport.zip?revolution_version=Revolution-2.7.1-pl
[2019-07-18 16:00:52] (ERROR @ /var/www/www-root/data/www/dev2.igornesov.ru/core/model/modx/transport/modtransportpackage.class.php : 440) MODX could not download the file. You must enable allow_url_fopen, cURL or fsockopen to use remote transport packaging.
[2019-07-18 16:00:52] (ERROR @ /var/www/www-root/data/www/dev2.igornesov.ru/core/model/modx/transport/modtransportpackage.class.php : 212) Невозможно осуществить передачу пакета breadcrumbs-1.1.0-pl.transport.zip в /var/www/www-root/data/www/dev2.igornesov.ru/core/packages/.
[2019-07-18 16:30:04] (ERROR @ /var/www/www-root/data/www/dev2.igornesov.ru/core/model/modx/modcachemanager.class.php : 322) Could not cache resource 1
[2019-07-18 16:30:04] (ERROR @ /var/www/www-root/data/www/dev2.igornesov.ru/core/model/modx/modcachemanager.class.php : 322) Could not cache resource 1
[2019-07-18 17:29:44] (ERROR @ /var/www/www-root/data/www/dev2.igornesov.ru/core/model/modx/modx.class.php : 1031) `[[+site_start]]` is not a valid integer and may not be passed to makeUrl()
[2019-07-18 17:29:44] (ERROR in resource 7 @ /var/www/www-root/data/www/dev2.igornesov.ru/core/model/modx/modparser.class.php : 1373) Bad link tag `[[~[[+site_start]]]]` encountered
[2019-07-18 17:39:18] (ERROR @ /var/www/www-root/data/www/dev2.igornesov.ru/core/model/modx/modcachemanager.class.php : 322) Could not cache resource 1
[2019-07-19 10:07:33] (ERROR @ /var/www/www-root/data/www/dev2.igornesov.ru/core/model/modx/modcachemanager.class.php : 322) Could not cache resource 1
[2019-07-19 10:07:33] (ERROR @ /var/www/www-root/data/www/dev2.igornesov.ru/core/model/modx/modcachemanager.class.php : 322) Could not cache resource 1
[2019-07-19 10:07:33] (ERROR @ /var/www/www-root/data/www/dev2.igornesov.ru/core/model/modx/modcachemanager.class.php : 322) Could not cache resource 1
[2019-07-19 10:07:33] (ERROR @ /var/www/www-root/data/www/dev2.igornesov.ru/core/model/modx/modcachemanager.class.php : 322) Could not cache resource 1
[2019-07-19 10:08:15] (ERROR @ /var/www/www-root/data/www/dev2.igornesov.ru/core/model/modx/modcachemanager.class.php : 322) Could not cache resource 1
[2019-07-19 10:08:15] (ERROR @ /var/www/www-root/data/www/dev2.igornesov.ru/core/model/modx/modcachemanager.class.php : 322) Could not cache resource 1
[2019-07-19 10:08:15] (ERROR @ /var/www/www-root/data/www/dev2.igornesov.ru/core/model/modx/modcachemanager.class.php : 322) Could not cache resource 1
[2019-07-19 12:03:38] (ERROR @ /var/www/www-root/data/www/dev2.igornesov.ru/core/model/modx/modcachemanager.class.php : 322) Could not cache resource 1
[2019-07-19 12:04:54] (ERROR @ /var/www/www-root/data/www/dev2.igornesov.ru/core/model/modx/modcachemanager.class.php : 322) Could not cache resource 1
[2019-07-19 12:04:54] (ERROR @ /var/www/www-root/data/www/dev2.igornesov.ru/core/model/modx/modcachemanager.class.php : 322) Could not cache resource 1
[2019-07-19 14:38:23] (ERROR @ /var/www/www-root/data/www/dev2.igornesov.ru/core/model/modx/modcachemanager.class.php : 322) Could not cache resource 1
[2019-07-19 14:38:23] (ERROR @ /var/www/www-root/data/www/dev2.igornesov.ru/core/model/modx/modcachemanager.class.php : 322) Could not cache resource 1
[2019-07-19 14:38:23] (ERROR @ /var/www/www-root/data/www/dev2.igornesov.ru/core/model/modx/modcachemanager.class.php : 322) Could not cache resource 1
[2019-07-19 14:52:13] (ERROR @ /var/www/www-root/data/www/dev2.igornesov.ru/core/model/modx/modcachemanager.class.php : 322) Could not cache resource 1
[2019-07-19 15:49:57] (ERROR in xPDO::getService @ /var/www/www-root/data/www/dev2.igornesov.ru/core/xpdo/xpdo.class.php : 1234) modRestClient::__construct is deprecated since version 2.3.0. Use the modRest classes instead.
[2019-07-19 15:49:57] (ERROR in modRestCurlClient::__construct @ /var/www/www-root/data/www/dev2.igornesov.ru/core/model/modx/rest/modrestcurlclient.class.php : 26) modRestClient::__construct is deprecated since version 2.3.0. Use the modRest classes instead.
[2019-07-19 15:49:57] (ERROR in xPDO::getService @ /var/www/www-root/data/www/dev2.igornesov.ru/core/xpdo/xpdo.class.php : 1234) modRestClient::__construct is deprecated since version 2.3.0. Use the modRest classes instead.
[2019-07-19 15:49:57] (ERROR in modRestCurlClient::__construct @ /var/www/www-root/data/www/dev2.igornesov.ru/core/model/modx/rest/modrestcurlclient.class.php : 26) modRestClient::__construct is deprecated since version 2.3.0. Use the modRest classes instead.
[2019-07-19 15:49:57] (ERROR in xPDO::getService @ /var/www/www-root/data/www/dev2.igornesov.ru/core/xpdo/xpdo.class.php : 1234) modRestClient::__construct is deprecated since version 2.3.0. Use the modRest classes instead.
[2019-07-19 15:49:57] (ERROR in modRestCurlClient::__construct @ /var/www/www-root/data/www/dev2.igornesov.ru/core/model/modx/rest/modrestcurlclient.class.php : 26) modRestClient::__construct is deprecated since version 2.3.0. Use the modRest classes instead.
[2019-07-19 15:50:10] (ERROR @ /var/www/www-root/data/www/dev2.igornesov.ru/core/model/modx/transport/modtransportpackage.class.php : 389) Невозможно открыть файл для чтения: phpthumbon-1.3.1-pl.transport.zip?revolution_version=Revolution-2.7.1-pl
[2019-07-19 15:50:10] (ERROR @ /var/www/www-root/data/www/dev2.igornesov.ru/core/model/modx/transport/modtransportpackage.class.php : 678) Could not retrieve from phpthumbon-1.3.1-pl.transport.zip?revolution_version=Revolution-2.7.1-pl
[2019-07-19 15:50:10] (ERROR @ /var/www/www-root/data/www/dev2.igornesov.ru/core/model/modx/transport/modtransportpackage.class.php : 440) MODX could not download the file. You must enable allow_url_fopen, cURL or fsockopen to use remote transport packaging.
[2019-07-19 15:50:10] (ERROR @ /var/www/www-root/data/www/dev2.igornesov.ru/core/model/modx/transport/modtransportpackage.class.php : 212) Невозможно осуществить передачу пакета phpthumbon-1.3.1-pl.transport.zip в /var/www/www-root/data/www/dev2.igornesov.ru/core/packages/.
[2019-07-19 17:48:50] (ERROR @ /var/www/www-root/data/www/dev2.igornesov.ru/core/model/modx/modcachemanager.class.php : 322) Could not cache resource 1
[2019-07-22 12:46:16] (ERROR @ /var/www/www-root/data/www/dev2.igornesov.ru/core/model/modx/modcachemanager.class.php : 349) Error caching lexicon topic lexicon/ru/core/resource
[2019-07-22 15:02:44] (ERROR @ /var/www/www-root/data/www/dev2.igornesov.ru/core/model/modx/modcachemanager.class.php : 322) Could not cache resource 1
[2019-07-22 15:02:44] (ERROR @ /var/www/www-root/data/www/dev2.igornesov.ru/core/model/modx/modcachemanager.class.php : 322) Could not cache resource 1
[2019-07-22 15:11:25] (ERROR @ /var/www/www-root/data/www/dev2.igornesov.ru/core/model/modx/modcachemanager.class.php : 322) Could not cache resource 1
[2019-07-23 11:56:59] (ERROR @ /var/www/www-root/data/www/dev2.igornesov.ru/core/model/modx/modcachemanager.class.php : 322) Could not cache resource 1
[2019-07-23 13:42:22] (ERROR @ /var/www/www-root/data/www/dev2.igornesov.ru/core/xpdo/om/xpdoquery.class.php : 764) Encountered empty IN condition with key id
[2019-07-23 13:42:22] (ERROR @ /var/www/www-root/data/www/dev2.igornesov.ru/core/xpdo/om/xpdoobject.class.php : 240) Error 42000 executing statement: 
Array
(
    [0] => 42000
    [1] => 1064
    [2] => You have an error in your SQL syntax; check the manual that corresponds to your MySQL server version for the right syntax to use near ') ORDER BY `modResource`.`pagetitle` ASC LIMIT 20' at line 1
)

[2019-07-23 17:00:10] (ERROR @ /var/www/www-root/data/www/dev2.igornesov.ru/core/model/modx/modcachemanager.class.php : 322) Could not cache resource 1
[2019-07-23 17:06:37] (ERROR @ /var/www/www-root/data/www/dev2.igornesov.ru/core/model/modx/modcachemanager.class.php : 349) Error caching lexicon topic lexicon/ru/core/default
[2019-07-23 17:06:42] (ERROR @ /var/www/www-root/data/www/dev2.igornesov.ru/core/model/modx/modcachemanager.class.php : 322) Could not cache resource 1
[2019-07-23 17:23:36] (ERROR @ /var/www/www-root/data/www/dev2.igornesov.ru/core/components/pdotools/model/pdotools/pdofetch.class.php : 172) [pdoTools] Error 42000: You have an error in your SQL syntax; check the manual that corresponds to your MySQL server version for the right syntax to use near '"datetime":"DESC", "pagetitle":"ASC"} DESC LIMIT 10' at line 1
[2019-07-23 17:24:34] (ERROR @ /var/www/www-root/data/www/dev2.igornesov.ru/core/components/pdotools/model/pdotools/pdofetch.class.php : 172) [pdoTools] Error 42S22: Unknown column 'datetime' in 'order clause'
[2019-07-23 17:25:09] (ERROR @ /var/www/www-root/data/www/dev2.igornesov.ru/core/components/pdotools/model/pdotools/pdofetch.class.php : 172) [pdoTools] Error 42S22: Unknown column 'datetime' in 'order clause'
[2019-07-24 10:38:22] (ERROR @ /var/www/www-root/data/www/dev2.igornesov.ru/core/model/modx/modcachemanager.class.php : 349) Error caching lexicon topic lexicon/ru/core/category
[2019-07-24 10:38:37] (ERROR @ /var/www/www-root/data/www/dev2.igornesov.ru/core/model/modx/modcachemanager.class.php : 514) Error caching script elements/modplugin/3
[2019-07-24 10:41:41] (ERROR @ /var/www/www-root/data/www/dev2.igornesov.ru/core/model/modx/modcachemanager.class.php : 514) Error caching script elements/modplugin/3
[2019-07-24 10:58:16] (ERROR @ /var/www/www-root/data/www/dev2.igornesov.ru/core/model/modx/modcachemanager.class.php : 349) Error caching lexicon topic lexicon/en/core/default
[2019-07-24 10:58:16] (ERROR @ /var/www/www-root/data/www/dev2.igornesov.ru/core/model/modx/modcachemanager.class.php : 349) Error caching lexicon topic lexicon/ru/core/category
[2019-07-24 11:08:15] (ERROR @ /var/www/www-root/data/www/dev2.igornesov.ru/core/model/modx/modcachemanager.class.php : 349) Error caching lexicon topic lexicon/ru/core/category
[2019-07-24 11:51:16] (ERROR @ /var/www/www-root/data/www/dev2.igornesov.ru/core/model/modx/modcachemanager.class.php : 349) Error caching lexicon topic lexicon/ru/core/resource
[2019-07-24 11:52:00] (ERROR @ /var/www/www-root/data/www/dev2.igornesov.ru/core/model/modx/modcachemanager.class.php : 322) Could not cache resource 1
[2019-07-24 15:20:42] (ERROR @ /var/www/www-root/data/www/dev2.igornesov.ru/core/model/modx/modcachemanager.class.php : 322) Could not cache resource 1
[2019-07-24 15:20:42] (ERROR @ /var/www/www-root/data/www/dev2.igornesov.ru/core/model/modx/modcachemanager.class.php : 322) Could not cache resource 1
[2019-07-24 17:13:41] (ERROR @ /var/www/www-root/data/www/dev2.igornesov.ru/core/model/modx/modcachemanager.class.php : 322) Could not cache resource 1
[2019-07-25 09:40:14] (ERROR in xPDO::getService @ /var/www/www-root/data/www/dev2.igornesov.ru/core/xpdo/xpdo.class.php : 1234) modRestClient::__construct is deprecated since version 2.3.0. Use the modRest classes instead.
[2019-07-25 09:40:14] (ERROR in xPDO::getService @ /var/www/www-root/data/www/dev2.igornesov.ru/core/xpdo/xpdo.class.php : 1234) modRestClient::__construct is deprecated since version 2.3.0. Use the modRest classes instead.
[2019-07-25 09:40:14] (ERROR in xPDO::getService @ /var/www/www-root/data/www/dev2.igornesov.ru/core/xpdo/xpdo.class.php : 1234) modRestClient::__construct is deprecated since version 2.3.0. Use the modRest classes instead.
[2019-07-25 09:40:15] (ERROR in modRestCurlClient::__construct @ /var/www/www-root/data/www/dev2.igornesov.ru/core/model/modx/rest/modrestcurlclient.class.php : 26) modRestClient::__construct is deprecated since version 2.3.0. Use the modRest classes instead.
[2019-07-25 09:40:15] (ERROR in modRestCurlClient::__construct @ /var/www/www-root/data/www/dev2.igornesov.ru/core/model/modx/rest/modrestcurlclient.class.php : 26) modRestClient::__construct is deprecated since version 2.3.0. Use the modRest classes instead.
[2019-07-25 09:40:15] (ERROR in modRestCurlClient::__construct @ /var/www/www-root/data/www/dev2.igornesov.ru/core/model/modx/rest/modrestcurlclient.class.php : 26) modRestClient::__construct is deprecated since version 2.3.0. Use the modRest classes instead.
[2019-07-25 09:40:49] (ERROR in xPDO::getService @ /var/www/www-root/data/www/dev2.igornesov.ru/core/xpdo/xpdo.class.php : 1234) modRestClient::__construct is deprecated since version 2.3.0. Use the modRest classes instead.
[2019-07-25 09:40:49] (ERROR in modRestCurlClient::__construct @ /var/www/www-root/data/www/dev2.igornesov.ru/core/model/modx/rest/modrestcurlclient.class.php : 26) modRestClient::__construct is deprecated since version 2.3.0. Use the modRest classes instead.
[2019-07-25 09:40:49] (ERROR in xPDO::getService @ /var/www/www-root/data/www/dev2.igornesov.ru/core/xpdo/xpdo.class.php : 1234) modRestClient::__construct is deprecated since version 2.3.0. Use the modRest classes instead.
[2019-07-25 09:40:49] (ERROR in modRestCurlClient::__construct @ /var/www/www-root/data/www/dev2.igornesov.ru/core/model/modx/rest/modrestcurlclient.class.php : 26) modRestClient::__construct is deprecated since version 2.3.0. Use the modRest classes instead.
[2019-07-25 09:40:49] (ERROR in xPDO::getService @ /var/www/www-root/data/www/dev2.igornesov.ru/core/xpdo/xpdo.class.php : 1234) modRestClient::__construct is deprecated since version 2.3.0. Use the modRest classes instead.
[2019-07-25 09:40:49] (ERROR in modRestCurlClient::__construct @ /var/www/www-root/data/www/dev2.igornesov.ru/core/model/modx/rest/modrestcurlclient.class.php : 26) modRestClient::__construct is deprecated since version 2.3.0. Use the modRest classes instead.
[2019-07-25 09:41:03] (ERROR in xPDO::getService @ /var/www/www-root/data/www/dev2.igornesov.ru/core/xpdo/xpdo.class.php : 1234) modRestClient::__construct is deprecated since version 2.3.0. Use the modRest classes instead.
[2019-07-25 09:41:03] (ERROR in modRestCurlClient::__construct @ /var/www/www-root/data/www/dev2.igornesov.ru/core/model/modx/rest/modrestcurlclient.class.php : 26) modRestClient::__construct is deprecated since version 2.3.0. Use the modRest classes instead.
[2019-07-25 09:41:41] (ERROR in xPDO::getService @ /var/www/www-root/data/www/dev2.igornesov.ru/core/xpdo/xpdo.class.php : 1234) modRestClient::__construct is deprecated since version 2.3.0. Use the modRest classes instead.
[2019-07-25 09:41:41] (ERROR in modRestCurlClient::__construct @ /var/www/www-root/data/www/dev2.igornesov.ru/core/model/modx/rest/modrestcurlclient.class.php : 26) modRestClient::__construct is deprecated since version 2.3.0. Use the modRest classes instead.
[2019-07-25 09:41:44] (ERROR in xPDO::getService @ /var/www/www-root/data/www/dev2.igornesov.ru/core/xpdo/xpdo.class.php : 1234) modRestClient::__construct is deprecated since version 2.3.0. Use the modRest classes instead.
[2019-07-25 09:41:44] (ERROR in modRestCurlClient::__construct @ /var/www/www-root/data/www/dev2.igornesov.ru/core/model/modx/rest/modrestcurlclient.class.php : 26) modRestClient::__construct is deprecated since version 2.3.0. Use the modRest classes instead.
[2019-07-25 09:42:02] (ERROR in xPDO::getService @ /var/www/www-root/data/www/dev2.igornesov.ru/core/xpdo/xpdo.class.php : 1234) modRestClient::__construct is deprecated since version 2.3.0. Use the modRest classes instead.
[2019-07-25 09:42:02] (ERROR in modRestCurlClient::__construct @ /var/www/www-root/data/www/dev2.igornesov.ru/core/model/modx/rest/modrestcurlclient.class.php : 26) modRestClient::__construct is deprecated since version 2.3.0. Use the modRest classes instead.
[2019-07-25 09:42:02] (ERROR in xPDO::getService @ /var/www/www-root/data/www/dev2.igornesov.ru/core/xpdo/xpdo.class.php : 1234) modRestClient::__construct is deprecated since version 2.3.0. Use the modRest classes instead.
[2019-07-25 09:42:02] (ERROR in modRestCurlClient::__construct @ /var/www/www-root/data/www/dev2.igornesov.ru/core/model/modx/rest/modrestcurlclient.class.php : 26) modRestClient::__construct is deprecated since version 2.3.0. Use the modRest classes instead.
[2019-07-25 09:42:02] (ERROR in xPDO::getService @ /var/www/www-root/data/www/dev2.igornesov.ru/core/xpdo/xpdo.class.php : 1234) modRestClient::__construct is deprecated since version 2.3.0. Use the modRest classes instead.
[2019-07-25 09:42:02] (ERROR in modRestCurlClient::__construct @ /var/www/www-root/data/www/dev2.igornesov.ru/core/model/modx/rest/modrestcurlclient.class.php : 26) modRestClient::__construct is deprecated since version 2.3.0. Use the modRest classes instead.
[2019-07-25 09:42:10] (ERROR in xPDO::getService @ /var/www/www-root/data/www/dev2.igornesov.ru/core/xpdo/xpdo.class.php : 1234) modRestClient::__construct is deprecated since version 2.3.0. Use the modRest classes instead.
[2019-07-25 09:42:10] (ERROR in modRestCurlClient::__construct @ /var/www/www-root/data/www/dev2.igornesov.ru/core/model/modx/rest/modrestcurlclient.class.php : 26) modRestClient::__construct is deprecated since version 2.3.0. Use the modRest classes instead.
[2019-07-25 09:42:59] (ERROR in xPDO::getService @ /var/www/www-root/data/www/dev2.igornesov.ru/core/xpdo/xpdo.class.php : 1234) modRestClient::__construct is deprecated since version 2.3.0. Use the modRest classes instead.
[2019-07-25 09:42:59] (ERROR in modRestCurlClient::__construct @ /var/www/www-root/data/www/dev2.igornesov.ru/core/model/modx/rest/modrestcurlclient.class.php : 26) modRestClient::__construct is deprecated since version 2.3.0. Use the modRest classes instead.
[2019-07-25 09:42:59] (ERROR in xPDO::getService @ /var/www/www-root/data/www/dev2.igornesov.ru/core/xpdo/xpdo.class.php : 1234) modRestClient::__construct is deprecated since version 2.3.0. Use the modRest classes instead.
[2019-07-25 09:42:59] (ERROR in modRestCurlClient::__construct @ /var/www/www-root/data/www/dev2.igornesov.ru/core/model/modx/rest/modrestcurlclient.class.php : 26) modRestClient::__construct is deprecated since version 2.3.0. Use the modRest classes instead.
[2019-07-25 09:43:04] (ERROR in xPDO::getService @ /var/www/www-root/data/www/dev2.igornesov.ru/core/xpdo/xpdo.class.php : 1234) modRestClient::__construct is deprecated since version 2.3.0. Use the modRest classes instead.
[2019-07-25 09:43:04] (ERROR in modRestCurlClient::__construct @ /var/www/www-root/data/www/dev2.igornesov.ru/core/model/modx/rest/modrestcurlclient.class.php : 26) modRestClient::__construct is deprecated since version 2.3.0. Use the modRest classes instead.
[2019-07-25 11:06:47] (ERROR @ /var/www/www-root/data/www/dev2.igornesov.ru/core/model/modx/modcachemanager.class.php : 322) Could not cache resource 1
[2019-07-25 13:03:42] (ERROR in xPDO::getService @ /var/www/www-root/data/www/dev2.igornesov.ru/core/xpdo/xpdo.class.php : 1234) modRestClient::__construct is deprecated since version 2.3.0. Use the modRest classes instead.
[2019-07-25 13:03:42] (ERROR in modRestCurlClient::__construct @ /var/www/www-root/data/www/dev2.igornesov.ru/core/model/modx/rest/modrestcurlclient.class.php : 26) modRestClient::__construct is deprecated since version 2.3.0. Use the modRest classes instead.
[2019-07-25 13:03:42] (ERROR in xPDO::getService @ /var/www/www-root/data/www/dev2.igornesov.ru/core/xpdo/xpdo.class.php : 1234) modRestClient::__construct is deprecated since version 2.3.0. Use the modRest classes instead.
[2019-07-25 13:03:42] (ERROR in modRestCurlClient::__construct @ /var/www/www-root/data/www/dev2.igornesov.ru/core/model/modx/rest/modrestcurlclient.class.php : 26) modRestClient::__construct is deprecated since version 2.3.0. Use the modRest classes instead.
[2019-07-25 13:03:42] (ERROR in xPDO::getService @ /var/www/www-root/data/www/dev2.igornesov.ru/core/xpdo/xpdo.class.php : 1234) modRestClient::__construct is deprecated since version 2.3.0. Use the modRest classes instead.
[2019-07-25 13:03:42] (ERROR in modRestCurlClient::__construct @ /var/www/www-root/data/www/dev2.igornesov.ru/core/model/modx/rest/modrestcurlclient.class.php : 26) modRestClient::__construct is deprecated since version 2.3.0. Use the modRest classes instead.
[2019-07-25 13:04:17] (ERROR in xPDO::getService @ /var/www/www-root/data/www/dev2.igornesov.ru/core/xpdo/xpdo.class.php : 1234) modRestClient::__construct is deprecated since version 2.3.0. Use the modRest classes instead.
[2019-07-25 13:04:17] (ERROR in modRestCurlClient::__construct @ /var/www/www-root/data/www/dev2.igornesov.ru/core/model/modx/rest/modrestcurlclient.class.php : 26) modRestClient::__construct is deprecated since version 2.3.0. Use the modRest classes instead.
