[2019-07-01 16:05:01] (ERROR @ /var/www/www-root/data/www/dev2.igornesov.ru/core/xpdo/transport/xpdoobjectvehicle.class.php : 228) Could not copy /var/www/www-root/data/www/dev2.igornesov.ru/core/packages/core/modContext/dc8e4f6646dcc1be0c29e45337773426/0/ to /var/www/www-root/data/www/dev2.igornesov.ru/index.php
[2019-07-01 16:05:01] (ERROR @ /var/www/www-root/data/www/dev2.igornesov.ru/core/xpdo/transport/xpdoobjectvehicle.class.php : 228) Could not copy /var/www/www-root/data/www/dev2.igornesov.ru/core/packages/core/modContext/dc8e4f6646dcc1be0c29e45337773426/1/ to /var/www/www-root/data/www/dev2.igornesov.ru/ht.access
[2019-07-01 16:05:01] (ERROR @ /var/www/www-root/data/www/dev2.igornesov.ru/core/xpdo/transport/xpdoobjectvehicle.class.php : 228) xPDOVehicle resolver failed: type php (/var/www/www-root/data/www/dev2.igornesov.ru/core/packages/core/modContext/dc8e4f6646dcc1be0c29e45337773426.resolve.core.resolver)
[2019-07-01 16:05:01] (ERROR @ /var/www/www-root/data/www/dev2.igornesov.ru/core/xpdo/transport/xpdoobjectvehicle.class.php : 89) Could not resolve vehicle for object of class modContext; criteria: Array
(
    [key] => web
)

[2019-07-01 16:05:01] (ERROR @ /var/www/www-root/data/www/dev2.igornesov.ru/core/xpdo/transport/xpdoobjectvehicle.class.php : 228) Could not copy /var/www/www-root/data/www/dev2.igornesov.ru/core/packages/core/modContext/4f8c6e47f98e3bac2fde790d47b73660/0/ to /var/www/www-root/data/www/dev2.igornesov.ru/manager/assets
[2019-07-01 16:05:01] (ERROR @ /var/www/www-root/data/www/dev2.igornesov.ru/core/xpdo/transport/xpdoobjectvehicle.class.php : 228) Could not copy /var/www/www-root/data/www/dev2.igornesov.ru/core/packages/core/modContext/4f8c6e47f98e3bac2fde790d47b73660/1/ to /var/www/www-root/data/www/dev2.igornesov.ru/manager/controllers
[2019-07-01 16:05:01] (ERROR @ /var/www/www-root/data/www/dev2.igornesov.ru/core/xpdo/transport/xpdoobjectvehicle.class.php : 228) Could not copy /var/www/www-root/data/www/dev2.igornesov.ru/core/packages/core/modContext/4f8c6e47f98e3bac2fde790d47b73660/2/ to /var/www/www-root/data/www/dev2.igornesov.ru/manager/templates
[2019-07-01 16:05:01] (ERROR @ /var/www/www-root/data/www/dev2.igornesov.ru/core/xpdo/transport/xpdoobjectvehicle.class.php : 228) Could not copy /var/www/www-root/data/www/dev2.igornesov.ru/core/packages/core/modContext/4f8c6e47f98e3bac2fde790d47b73660/3/ to /var/www/www-root/data/www/dev2.igornesov.ru/manager/min
[2019-07-01 16:05:01] (ERROR @ /var/www/www-root/data/www/dev2.igornesov.ru/core/xpdo/transport/xpdoobjectvehicle.class.php : 228) Could not copy /var/www/www-root/data/www/dev2.igornesov.ru/core/packages/core/modContext/4f8c6e47f98e3bac2fde790d47b73660/4/ to /var/www/www-root/data/www/dev2.igornesov.ru/manager/ht.access
[2019-07-01 16:05:01] (ERROR @ /var/www/www-root/data/www/dev2.igornesov.ru/core/xpdo/transport/xpdoobjectvehicle.class.php : 228) Could not copy /var/www/www-root/data/www/dev2.igornesov.ru/core/packages/core/modContext/4f8c6e47f98e3bac2fde790d47b73660/5/ to /var/www/www-root/data/www/dev2.igornesov.ru/manager/index.php
[2019-07-01 16:05:01] (ERROR @ /var/www/www-root/data/www/dev2.igornesov.ru/core/xpdo/transport/xpdoobjectvehicle.class.php : 228) xPDOVehicle resolver failed: type php (/var/www/www-root/data/www/dev2.igornesov.ru/core/packages/core/modContext/4f8c6e47f98e3bac2fde790d47b73660.resolve.core.resolver)
[2019-07-01 16:05:01] (ERROR @ /var/www/www-root/data/www/dev2.igornesov.ru/core/xpdo/transport/xpdoobjectvehicle.class.php : 89) Could not resolve vehicle for object of class modContext; criteria: Array
(
    [key] => mgr
)

[2019-07-01 16:05:01] (ERROR @ /var/www/www-root/data/www/dev2.igornesov.ru/core/xpdo/transport/xpdofilevehicle.class.php : 41) Could not install files from /var/www/www-root/data/www/dev2.igornesov.ru/core/packages/core/xPDOFileVehicle/288de0f0095a6975c18cfeb67de50493/ to /var/www/www-root/data/www/dev2.igornesov.ru/connectors/
[2019-07-01 16:05:01] (ERROR @ /var/www/www-root/data/www/dev2.igornesov.ru/core/xpdo/transport/xpdofilevehicle.class.php : 41) Could not install files from /var/www/www-root/data/www/dev2.igornesov.ru/core/packages/core/xPDOFileVehicle/bdbefc98169e9096b6585ce0378c88c0/ to /var/www/www-root/data/www/dev2.igornesov.ru/connectors/
[2019-07-01 16:05:01] (ERROR @ /var/www/www-root/data/www/dev2.igornesov.ru/core/xpdo/transport/xpdofilevehicle.class.php : 41) Could not install files from /var/www/www-root/data/www/dev2.igornesov.ru/core/packages/core/xPDOFileVehicle/3664069a8a2581cf2919412f571da6ff/ to /var/www/www-root/data/www/dev2.igornesov.ru/connectors/
[2019-07-01 16:05:01] (ERROR @ /var/www/www-root/data/www/dev2.igornesov.ru/core/xpdo/transport/xpdofilevehicle.class.php : 41) Could not install files from /var/www/www-root/data/www/dev2.igornesov.ru/core/packages/core/xPDOFileVehicle/e40773cf4543b928a030668d8a35f70c/ to /var/www/www-root/data/www/dev2.igornesov.ru/connectors/
[2019-07-01 16:05:01] (ERROR @ /var/www/www-root/data/www/dev2.igornesov.ru/core/xpdo/transport/xpdofilevehicle.class.php : 106) xPDOVehicle resolver failed: type php (/var/www/www-root/data/www/dev2.igornesov.ru/core/packages/core/xPDOFileVehicle/e40773cf4543b928a030668d8a35f70c.resolve.core.resolver)
